clojureJS-react-chat/android/app/build/outputs/logs/manifest-merger-debug-report.txt
-- Merging decision tree log ---
manifest
ADDED from src\main\AndroidManifest.xml:1:1-26:12
	package
		ADDED from src\main\AndroidManifest.xml:2:5-25
		INJECTED from src\main\AndroidManifest.xml
		INJECTED from src\main\AndroidManifest.xml
	android:versionName
		INJECTED from src\main\AndroidManifest.xml
		INJECTED from src\main\AndroidManifest.xml
	xmlns:android
		ADDED from src\main\AndroidManifest.xml:1:11-69
	android:versionCode
		INJECTED from src\main\AndroidManifest.xml
		INJECTED from src\main\AndroidManifest.xml
uses-permission#android.permission.INTERNET
ADDED from src\main\AndroidManifest.xml:4:5-67
	android:name
		ADDED from src\main\AndroidManifest.xml:4:22-64
uses-permission#android.permission.READ_CONTACTS
ADDED from src\main\AndroidManifest.xml:5:5-72
	android:name
		ADDED from src\main\AndroidManifest.xml:5:22-69
uses-permission#android.permission.WRITE_CONTACTS
ADDED from src\main\AndroidManifest.xml:6:5-73
	android:name
		ADDED from src\main\AndroidManifest.xml:6:22-70
application
ADDED from src\main\AndroidManifest.xml:8:5-24:19
MERGED from [com.facebook.react:react-native:0.24.1] AndroidManifest.xml:13:5-20
MERGED from [org.webkit:android-jsc:r174650] AndroidManifest.xml:2:3-17
MERGED from [com.android.support:support-v4:23.0.1] AndroidManifest.xml:22:5-20
MERGED from [com.android.support:support-v4:23.0.1] AndroidManifest.xml:22:5-20
MERGED from [com.android.support:support-v4:23.0.1] AndroidManifest.xml:22:5-20
MERGED from [com.android.support:support-v4:23.0.1] AndroidManifest.xml:22:5-20
MERGED from [com.android.support:appcompat-v7:23.0.1] AndroidManifest.xml:22:5-20
MERGED from [com.android.support:support-v4:23.0.1] AndroidManifest.xml:22:5-20
MERGED from [SyngIm:realm:unspecified] AndroidManifest.xml:9:5-20
MERGED from [com.facebook.react:react-native:0.24.1] AndroidManifest.xml:13:5-20
MERGED from [org.webkit:android-jsc:r174650] AndroidManifest.xml:2:3-17
MERGED from [com.android.support:support-v4:23.0.1] AndroidManifest.xml:22:5-20
MERGED from [com.android.support:support-v4:23.0.1] AndroidManifest.xml:22:5-20
MERGED from [com.android.support:support-v4:23.0.1] AndroidManifest.xml:22:5-20
MERGED from [com.android.support:support-v4:23.0.1] AndroidManifest.xml:22:5-20
MERGED from [com.android.support:appcompat-v7:23.0.1] AndroidManifest.xml:22:5-20
MERGED from [com.android.support:support-v4:23.0.1] AndroidManifest.xml:22:5-20
MERGED from [com.facebook.react:react-native:0.24.1] AndroidManifest.xml:13:5-20
MERGED from [org.webkit:android-jsc:r174650] AndroidManifest.xml:2:3-17
MERGED from [com.android.support:support-v4:23.0.1] AndroidManifest.xml:22:5-20
MERGED from [com.android.support:support-v4:23.0.1] AndroidManifest.xml:22:5-20
MERGED from [com.android.support:support-v4:23.0.1] AndroidManifest.xml:22:5-20
MERGED from [com.android.support:support-v4:23.0.1] AndroidManifest.xml:22:5-20
MERGED from [com.android.support:appcompat-v7:23.0.1] AndroidManifest.xml:22:5-20
MERGED from [com.android.support:support-v4:23.0.1] AndroidManifest.xml:22:5-20
MERGED from [com.android.support:appcompat-v7:23.0.1] AndroidManifest.xml:22:5-20
MERGED from [com.android.support:support-v4:23.0.1] AndroidManifest.xml:22:5-20
MERGED from [com.facebook.react:react-native:0.24.1] AndroidManifest.xml:13:5-20
MERGED from [org.webkit:android-jsc:r174650] AndroidManifest.xml:2:3-17
MERGED from [com.android.support:support-v4:23.0.1] AndroidManifest.xml:22:5-20
MERGED from [com.android.support:support-v4:23.0.1] AndroidManifest.xml:22:5-20
MERGED from [com.android.support:support-v4:23.0.1] AndroidManifest.xml:22:5-20
MERGED from [com.android.support:support-v4:23.0.1] AndroidManifest.xml:22:5-20
MERGED from [com.android.support:appcompat-v7:23.0.1] AndroidManifest.xml:22:5-20
MERGED from [com.android.support:support-v4:23.0.1] AndroidManifest.xml:22:5-20
MERGED from [com.facebook.react:react-native:0.24.1] AndroidManifest.xml:13:5-20
MERGED from [org.webkit:android-jsc:r174650] AndroidManifest.xml:2:3-17
MERGED from [com.android.support:support-v4:23.0.1] AndroidManifest.xml:22:5-20
MERGED from [com.android.support:support-v4:23.0.1] AndroidManifest.xml:22:5-20
MERGED from [com.android.support:support-v4:23.0.1] AndroidManifest.xml:22:5-20
MERGED from [com.android.support:support-v4:23.0.1] AndroidManifest.xml:22:5-20
MERGED from [com.android.support:appcompat-v7:23.0.1] AndroidManifest.xml:22:5-20
MERGED from [com.android.support:support-v4:23.0.1] AndroidManifest.xml:22:5-20
MERGED from [com.facebook.react:react-native:0.24.1] AndroidManifest.xml:13:5-20
MERGED from [org.webkit:android-jsc:r174650] AndroidManifest.xml:2:3-17
MERGED from [com.android.support:support-v4:23.0.1] AndroidManifest.xml:22:5-20
MERGED from [com.android.support:support-v4:23.0.1] AndroidManifest.xml:22:5-20
MERGED from [com.android.support:support-v4:23.0.1] AndroidManifest.xml:22:5-20
MERGED from [com.android.support:support-v4:23.0.1] AndroidManifest.xml:22:5-20
MERGED from [com.android.support:appcompat-v7:23.0.1] AndroidManifest.xml:22:5-20
MERGED from [com.android.support:support-v4:23.0.1] AndroidManifest.xml:22:5-20
	android:label
		ADDED from src\main\AndroidManifest.xml:10:7-39
	android:allowBackup
		ADDED from src\main\AndroidManifest.xml:9:7-33
	android:icon
		ADDED from src\main\AndroidManifest.xml:11:7-41
	android:theme
		ADDED from src\main\AndroidManifest.xml:12:7-38
activity#com.syngim.MainActivity
ADDED from src\main\AndroidManifest.xml:13:7-22:18
	android:label
		ADDED from src\main\AndroidManifest.xml:15:9-41
	android:windowSoftInputMode
		ADDED from src\main\AndroidManifest.xml:16:9-51
	android:configChanges
		ADDED from src\main\AndroidManifest.xml:17:9-79
	android:name
		ADDED from src\main\AndroidManifest.xml:14:9-37
intent-filter#android.intent.action.MAIN+android.intent.category.LAUNCHER
ADDED from src\main\AndroidManifest.xml:18:9-21:25
action#android.intent.action.MAIN
ADDED from src\main\AndroidManifest.xml:19:13-65
	android:name
		ADDED from src\main\AndroidManifest.xml:19:21-62
category#android.intent.category.LAUNCHER
ADDED from src\main\AndroidManifest.xml:20:13-73
	android:name
		ADDED from src\main\AndroidManifest.xml:20:23-70
activity#com.facebook.react.devsupport.DevSettingsActivity
ADDED from src\main\AndroidManifest.xml:23:7-84
	android:name
		ADDED from src\main\AndroidManifest.xml:23:17-81
uses-sdk
INJECTED from src\main\AndroidManifest.xml reason: use-sdk injection requested
MERGED from [SyngIm:randombytes:unspecified] AndroidManifest.xml:7:5-9:41
MERGED from [com.facebook.react:react-native:0.24.1] AndroidManifest.xml:7:5-9:41
MERGED from [com.facebook.fresco:fresco:0.8.1] AndroidManifest.xml:5:5-7:41
MERGED from [com.facebook.fresco:imagepipeline:0.8.1] AndroidManifest.xml:5:5-7:41
MERGED from [com.facebook.fresco:fbcore:0.8.1] AndroidManifest.xml:5:5-7:41
MERGED from [com.android.support:support-v4:23.0.1] AndroidManifest.xml:20:5-43
MERGED from [com.facebook.fresco:fbcore:0.8.1] AndroidManifest.xml:5:5-7:41
MERGED from [com.facebook.fresco:drawee:0.8.1] AndroidManifest.xml:5:5-7:41
MERGED from [com.facebook.fresco:fbcore:0.8.1] AndroidManifest.xml:5:5-7:41
MERGED from [com.android.support:support-v4:23.0.1] AndroidManifest.xml:20:5-43
MERGED from [com.facebook.fresco:imagepipeline-okhttp:0.8.1] AndroidManifest.xml:5:5-7:41
MERGED from [com.facebook.fresco:imagepipeline:0.8.1] AndroidManifest.xml:5:5-7:41
MERGED from [com.facebook.fresco:fbcore:0.8.1] AndroidManifest.xml:5:5-7:41
MERGED from [com.android.support:support-v4:23.0.1] AndroidManifest.xml:20:5-43
MERGED from [com.facebook.fresco:fbcore:0.8.1] AndroidManifest.xml:5:5-7:41
MERGED from [com.android.support:recyclerview-v7:23.0.1] AndroidManifest.xml:20:5-43
MERGED from [com.android.support:support-v4:23.0.1] AndroidManifest.xml:20:5-43
MERGED from [com.android.support:appcompat-v7:23.0.1] AndroidManifest.xml:20:5-43
MERGED from [com.android.support:support-v4:23.0.1] AndroidManifest.xml:20:5-43
MERGED from [SyngIm:realm:unspecified] AndroidManifest.xml:5:5-7:41
MERGED from [com.facebook.react:react-native:0.24.1] AndroidManifest.xml:7:5-9:41
MERGED from [com.facebook.fresco:fresco:0.8.1] AndroidManifest.xml:5:5-7:41
MERGED from [com.facebook.fresco:imagepipeline:0.8.1] AndroidManifest.xml:5:5-7:41
MERGED from [com.facebook.fresco:fbcore:0.8.1] AndroidManifest.xml:5:5-7:41
MERGED from [com.android.support:support-v4:23.0.1] AndroidManifest.xml:20:5-43
MERGED from [com.facebook.fresco:fbcore:0.8.1] AndroidManifest.xml:5:5-7:41
MERGED from [com.facebook.fresco:drawee:0.8.1] AndroidManifest.xml:5:5-7:41
MERGED from [com.facebook.fresco:fbcore:0.8.1] AndroidManifest.xml:5:5-7:41
MERGED from [com.android.support:support-v4:23.0.1] AndroidManifest.xml:20:5-43
MERGED from [com.facebook.fresco:imagepipeline-okhttp:0.8.1] AndroidManifest.xml:5:5-7:41
MERGED from [com.facebook.fresco:imagepipeline:0.8.1] AndroidManifest.xml:5:5-7:41
MERGED from [com.facebook.fresco:fbcore:0.8.1] AndroidManifest.xml:5:5-7:41
MERGED from [com.android.support:support-v4:23.0.1] AndroidManifest.xml:20:5-43
MERGED from [com.facebook.fresco:fbcore:0.8.1] AndroidManifest.xml:5:5-7:41
MERGED from [com.android.support:recyclerview-v7:23.0.1] AndroidManifest.xml:20:5-43
MERGED from [com.android.support:support-v4:23.0.1] AndroidManifest.xml:20:5-43
MERGED from [com.android.support:appcompat-v7:23.0.1] AndroidManifest.xml:20:5-43
MERGED from [com.android.support:support-v4:23.0.1] AndroidManifest.xml:20:5-43
MERGED from [SyngIm:react-native-vector-icons:unspecified] AndroidManifest.xml:7:5-9:41
MERGED from [com.facebook.react:react-native:0.24.1] AndroidManifest.xml:7:5-9:41
MERGED from [com.facebook.fresco:fresco:0.8.1] AndroidManifest.xml:5:5-7:41
MERGED from [com.facebook.fresco:imagepipeline:0.8.1] AndroidManifest.xml:5:5-7:41
MERGED from [com.facebook.fresco:fbcore:0.8.1] AndroidManifest.xml:5:5-7:41
MERGED from [com.android.support:support-v4:23.0.1] AndroidManifest.xml:20:5-43
MERGED from [com.facebook.fresco:fbcore:0.8.1] AndroidManifest.xml:5:5-7:41
MERGED from [com.facebook.fresco:drawee:0.8.1] AndroidManifest.xml:5:5-7:41
MERGED from [com.facebook.fresco:fbcore:0.8.1] AndroidManifest.xml:5:5-7:41
MERGED from [com.android.support:support-v4:23.0.1] AndroidManifest.xml:20:5-43
MERGED from [com.facebook.fresco:imagepipeline-okhttp:0.8.1] AndroidManifest.xml:5:5-7:41
MERGED from [com.facebook.fresco:imagepipeline:0.8.1] AndroidManifest.xml:5:5-7:41
MERGED from [com.facebook.fresco:fbcore:0.8.1] AndroidManifest.xml:5:5-7:41
MERGED from [com.android.support:support-v4:23.0.1] AndroidManifest.xml:20:5-43
MERGED from [com.facebook.fresco:fbcore:0.8.1] AndroidManifest.xml:5:5-7:41
MERGED from [com.android.support:recyclerview-v7:23.0.1] AndroidManifest.xml:20:5-43
MERGED from [com.android.support:support-v4:23.0.1] AndroidManifest.xml:20:5-43
MERGED from [com.android.support:appcompat-v7:23.0.1] AndroidManifest.xml:20:5-43
MERGED from [com.android.support:support-v4:23.0.1] AndroidManifest.xml:20:5-43
MERGED from [com.android.support:appcompat-v7:23.0.1] AndroidManifest.xml:20:5-43
MERGED from [com.android.support:support-v4:23.0.1] AndroidManifest.xml:20:5-43
MERGED from [com.facebook.react:react-native:0.24.1] AndroidManifest.xml:7:5-9:41
MERGED from [com.facebook.fresco:fresco:0.8.1] AndroidManifest.xml:5:5-7:41
MERGED from [com.facebook.fresco:imagepipeline:0.8.1] AndroidManifest.xml:5:5-7:41
MERGED from [com.facebook.fresco:fbcore:0.8.1] AndroidManifest.xml:5:5-7:41
MERGED from [com.android.support:support-v4:23.0.1] AndroidManifest.xml:20:5-43
MERGED from [com.facebook.fresco:fbcore:0.8.1] AndroidManifest.xml:5:5-7:41
MERGED from [com.facebook.fresco:drawee:0.8.1] AndroidManifest.xml:5:5-7:41
MERGED from [com.facebook.fresco:fbcore:0.8.1] AndroidManifest.xml:5:5-7:41
MERGED from [com.android.support:support-v4:23.0.1] AndroidManifest.xml:20:5-43
MERGED from [com.facebook.fresco:imagepipeline-okhttp:0.8.1] AndroidManifest.xml:5:5-7:41
MERGED from [com.facebook.fresco:imagepipeline:0.8.1] AndroidManifest.xml:5:5-7:41
MERGED from [com.facebook.fresco:fbcore:0.8.1] AndroidManifest.xml:5:5-7:41
MERGED from [com.android.support:support-v4:23.0.1] AndroidManifest.xml:20:5-43
MERGED from [com.facebook.fresco:fbcore:0.8.1] AndroidManifest.xml:5:5-7:41
MERGED from [com.android.support:recyclerview-v7:23.0.1] AndroidManifest.xml:20:5-43
MERGED from [com.android.support:support-v4:23.0.1] AndroidManifest.xml:20:5-43
MERGED from [com.android.support:appcompat-v7:23.0.1] AndroidManifest.xml:20:5-43
MERGED from [com.android.support:support-v4:23.0.1] AndroidManifest.xml:20:5-43
MERGED from [SyngIm:react-native-contacts:unspecified] AndroidManifest.xml:7:5-9:41
MERGED from [com.facebook.react:react-native:0.24.1] AndroidManifest.xml:7:5-9:41
MERGED from [com.facebook.fresco:fresco:0.8.1] AndroidManifest.xml:5:5-7:41
MERGED from [com.facebook.fresco:imagepipeline:0.8.1] AndroidManifest.xml:5:5-7:41
MERGED from [com.facebook.fresco:fbcore:0.8.1] AndroidManifest.xml:5:5-7:41
MERGED from [com.android.support:support-v4:23.0.1] AndroidManifest.xml:20:5-43
MERGED from [com.facebook.fresco:fbcore:0.8.1] AndroidManifest.xml:5:5-7:41
MERGED from [com.facebook.fresco:drawee:0.8.1] AndroidManifest.xml:5:5-7:41
MERGED from [com.facebook.fresco:fbcore:0.8.1] AndroidManifest.xml:5:5-7:41
MERGED from [com.android.support:support-v4:23.0.1] AndroidManifest.xml:20:5-43
MERGED from [com.facebook.fresco:imagepipeline-okhttp:0.8.1] AndroidManifest.xml:5:5-7:41
MERGED from [com.facebook.fresco:imagepipeline:0.8.1] AndroidManifest.xml:5:5-7:41
MERGED from [com.facebook.fresco:fbcore:0.8.1] AndroidManifest.xml:5:5-7:41
MERGED from [com.android.support:support-v4:23.0.1] AndroidManifest.xml:20:5-43
MERGED from [com.facebook.fresco:fbcore:0.8.1] AndroidManifest.xml:5:5-7:41
MERGED from [com.android.support:recyclerview-v7:23.0.1] AndroidManifest.xml:20:5-43
MERGED from [com.android.support:support-v4:23.0.1] AndroidManifest.xml:20:5-43
MERGED from [com.android.support:appcompat-v7:23.0.1] AndroidManifest.xml:20:5-43
MERGED from [com.android.support:support-v4:23.0.1] AndroidManifest.xml:20:5-43
MERGED from [SyngIm:react-native-i18n:unspecified] AndroidManifest.xml:7:5-9:41
MERGED from [com.facebook.react:react-native:0.24.1] AndroidManifest.xml:7:5-9:41
MERGED from [com.facebook.fresco:fresco:0.8.1] AndroidManifest.xml:5:5-7:41
MERGED from [com.facebook.fresco:imagepipeline:0.8.1] AndroidManifest.xml:5:5-7:41
MERGED from [com.facebook.fresco:fbcore:0.8.1] AndroidManifest.xml:5:5-7:41
MERGED from [com.android.support:support-v4:23.0.1] AndroidManifest.xml:20:5-43
MERGED from [com.facebook.fresco:fbcore:0.8.1] AndroidManifest.xml:5:5-7:41
MERGED from [com.facebook.fresco:drawee:0.8.1] AndroidManifest.xml:5:5-7:41
MERGED from [com.facebook.fresco:fbcore:0.8.1] AndroidManifest.xml:5:5-7:41
MERGED from [com.android.support:support-v4:23.0.1] AndroidManifest.xml:20:5-43
MERGED from [com.facebook.fresco:imagepipeline-okhttp:0.8.1] AndroidManifest.xml:5:5-7:41
MERGED from [com.facebook.fresco:imagepipeline:0.8.1] AndroidManifest.xml:5:5-7:41
MERGED from [com.facebook.fresco:fbcore:0.8.1] AndroidManifest.xml:5:5-7:41
MERGED from [com.android.support:support-v4:23.0.1] AndroidManifest.xml:20:5-43
MERGED from [com.facebook.fresco:fbcore:0.8.1] AndroidManifest.xml:5:5-7:41
MERGED from [com.android.support:recyclerview-v7:23.0.1] AndroidManifest.xml:20:5-43
MERGED from [com.android.support:support-v4:23.0.1] AndroidManifest.xml:20:5-43
MERGED from [com.android.support:appcompat-v7:23.0.1] AndroidManifest.xml:20:5-43
MERGED from [com.android.support:support-v4:23.0.1] AndroidManifest.xml:20:5-43
MERGED from [status-im:android-geth:1.4.0-201604110816-a97a114] AndroidManifest.xml:2:3-41
	android:targetSdkVersion
		INJECTED from src\main\AndroidManifest.xml
		INJECTED from src\main\AndroidManifest.xml
	android:minSdkVersion
		INJECTED from src\main\AndroidManifest.xml
		INJECTED from src\main\AndroidManifest.xml
uses-permission#android.permission.SYSTEM_ALERT_WINDOW
ADDED from [com.facebook.react:react-native:0.24.1] AndroidManifest.xml:11:5-78
MERGED from [com.facebook.react:react-native:0.24.1] AndroidManifest.xml:11:5-78
MERGED from [com.facebook.react:react-native:0.24.1] AndroidManifest.xml:11:5-78
MERGED from [com.facebook.react:react-native:0.24.1] AndroidManifest.xml:11:5-78
MERGED from [com.facebook.react:react-native:0.24.1] AndroidManifest.xml:11:5-78
MERGED from [com.facebook.react:react-native:0.24.1] AndroidManifest.xml:11:5-78
	android:name
		ADDED from [com.facebook.react:react-native:0.24.1] AndroidManifest.xml:11:22-75
android:uses-permission#android.permission.WRITE_EXTERNAL_STORAGE
IMPLIED from src\main\AndroidManifest.xml:1:1-26:12 reason: org.webkit.android_jsc has a targetSdkVersion < 4
android:uses-permission#android.permission.READ_PHONE_STATE
IMPLIED from src\main\AndroidManifest.xml:1:1-26:12 reason: org.webkit.android_jsc has a targetSdkVersion < 4
android:uses-permission#android.permission.READ_EXTERNAL_STORAGE
IMPLIED from src\main\AndroidManifest.xml:1:1-26:12 reason: org.webkit.android_jsc requested WRITE_EXTERNAL_STORAGE